 04/10/2017 17:22:12 :: OK :: 10 :: poperez 
 04/10/2017 17:22:12 :: OK :: 14 :: rpalacio 
 04/10/2017 17:22:12 :: OK :: 901 :: 1098765432109876 
 04/10/2017 17:22:12 :: OK :: 2 :: fniell 
 04/10/2017 17:22:13 :: OK :: 1010 :: pgomez 
 04/10/2017 17:22:13 :: OK :: 1011 :: pagomez 
 04/10/2017 17:22:13 :: OK :: 32 :: ctevez 
 04/10/2017 23:42:43 :: OK :: 11 :: josefmourinho 
 04/10/2017 23:42:43 :: OK :: 10 :: poperez 
 04/10/2017 23:42:43 :: OK :: 901 :: 1098765432109876 
 04/10/2017 23:42:43 :: OK :: 1 :: mpalermo 
 04/10/2017 23:42:43 :: OK :: 2 :: fniell 
 04/10/2017 23:42:43 :: OK :: 1010 :: pgomez 
 04/10/2017 23:42:43 :: OK :: 1011 :: pagomez 
 04/10/2017 23:42:44 :: OK :: 32 :: ctevez 
 04/10/2017 23:46:28 :: OK :: 11 :: josefmourinho 
 04/10/2017 23:46:28 :: OK :: 10 :: poperez 
 04/10/2017 23:46:28 :: OK :: 901 :: 1098765432109876 
 04/10/2017 23:46:29 :: OK :: 1011 :: pagomez 
 04/10/2017 23:46:29 :: OK :: 32 :: ctevez 
 05/10/2017 08:32:30 :: OK :: 3 :: 1234567890123456 
 05/10/2017 08:35:08 :: OK :: -2 :: poperez 
 05/10/2017 08:50:53 :: OK :: -2 :: pperez 
 05/10/2017 08:53:46 :: OK :: 90 :: erawy 
 05/10/2017 08:53:46 :: OK :: -2 :: pperez 
 05/10/2017 08:53:46 :: OK :: -9 :: paperez 
